<?xml version="1.0" encoding="UTF-8"?>
<!-- Generated by org.testng.reporters.JUnitXMLReporter -->
<testsuite ignored="0" hostname="LAPTOP-9D0EIG4I" failures="0" tests="16" name="Default test" time="0.093" errors="0" timestamp="2023-10-15T18:48:48 IST">
  <testcase classname="TestSuit.UK_combinedTakeHomePayLessOrEqual£435_No" name="@BeforeClass StartTool" time="-1.697375928719E9">
    <failure type="org.testng.TestNGException" message="
Parameter &amp;apos;browser&amp;apos; is required by BeforeClass on method StartTool but has not been marked @Optional or defined
in C:\Users\home\AppData\Local\Temp\testng-eclipse--626722447\testng-customsuite.xml">
      <![CDATA[org.testng.TestNGException: 
Parameter 'browser' is required by BeforeClass on method StartTool but has not been marked @Optional or defined
in C:\Users\home\AppData\Local\Temp\testng-eclipse--626722447\testng-customsuite.xml
at org.testng.internal.Parameters.createParams(Parameters.java:270)
at org.testng.internal.Parameters.createParametersForMethod(Parameters.java:358)
at org.testng.internal.Parameters.createParameters(Parameters.java:700)
at org.testng.internal.Parameters.createConfigurationParameters(Parameters.java:168)
at org.testng.internal.ConfigInvoker.invokeConfigurations(ConfigInvoker.java:302)
at org.testng.internal.TestMethodWorker.invokeBeforeClassMethods(TestMethodWorker.java:176)
at org.testng.internal.TestMethodWorker.run(TestMethodWorker.java:122)
at java.base/java.util.ArrayList.forEach(ArrayList.java:1511)
at org.testng.TestRunner.privateRun(TestRunner.java:794)
at org.testng.TestRunner.run(TestRunner.java:596)
at org.testng.SuiteRunner.runTest(SuiteRunner.java:377)
at org.testng.SuiteRunner.runSequentially(SuiteRunner.java:371)
at org.testng.SuiteRunner.privateRun(SuiteRunner.java:332)
at org.testng.SuiteRunner.run(SuiteRunner.java:276)
at org.testng.SuiteRunnerWorker.runSuite(SuiteRunnerWorker.java:53)
at org.testng.SuiteRunnerWorker.run(SuiteRunnerWorker.java:96)
at org.testng.TestNG.runSuitesSequentially(TestNG.java:1212)
at org.testng.TestNG.runSuitesLocally(TestNG.java:1134)
at org.testng.TestNG.runSuites(TestNG.java:1063)
at org.testng.TestNG.run(TestNG.java:1031)
at org.testng.remote.AbstractRemoteTestNG.run(AbstractRemoteTestNG.java:115)
at org.testng.remote.RemoteTestNG.initAndRun(RemoteTestNG.java:251)
at org.testng.remote.RemoteTestNG.main(RemoteTestNG.java:77)
]]>
    </failure>
  </testcase> <!-- @BeforeClass StartTool -->
  <testcase classname="TestSuit.UK_combinedTakeHomePayLessOrEqual£435_No" name="@AfterClass Questionaire11" time="-1.697375928792E9">
    <skipped/>
  </testcase> <!-- @AfterClass Questionaire11 -->
  <testcase classname="TestSuit.UK_combinedTakeHomePayLessOrEqual£435_No" name="Questionaire1" time="0.0">
    <skipped/>
  </testcase> <!-- Questionaire1 -->
  <testcase classname="TestSuit.UK_combinedTakeHomePayLessOrEqual£435_No" name="Questionaire2" time="0.0">
    <skipped/>
  </testcase> <!-- Questionaire2 -->
  <testcase classname="TestSuit.UK_combinedTakeHomePayLessOrEqual£435_No" name="Questionaire3" time="0.002">
    <skipped/>
  </testcase> <!-- Questionaire3 -->
  <testcase classname="TestSuit.UK_combinedTakeHomePayLessOrEqual£435_No" name="Questionaire4" time="0.0">
    <skipped/>
  </testcase> <!-- Questionaire4 -->
  <testcase classname="TestSuit.UK_combinedTakeHomePayLessOrEqual£435_No" name="Questionaire5" time="0.0">
    <skipped/>
  </testcase> <!-- Questionaire5 -->
  <testcase classname="TestSuit.UK_combinedTakeHomePayLessOrEqual£435_No" name="Questionaire6" time="0.0">
    <skipped/>
  </testcase> <!-- Questionaire6 -->
  <testcase classname="TestSuit.UK_combinedTakeHomePayLessOrEqual£435_No" name="Questionair7" time="0.0">
    <skipped/>
  </testcase> <!-- Questionair7 -->
  <testcase classname="TestSuit.UK_combinedTakeHomePayLessOrEqual£435_No" name="Questionaire8" time="0.0">
    <skipped/>
  </testcase> <!-- Questionaire8 -->
  <testcase classname="TestSuit.UK_combinedTakeHomePayLessOrEqual£435_No" name="Questionaire9" time="0.0">
    <skipped/>
  </testcase> <!-- Questionaire9 -->
  <testcase classname="TestSuit.UK_combinedTakeHomePayLessOrEqual£435_No" name="Questionaire12" time="0.0">
    <skipped/>
  </testcase> <!-- Questionaire12 -->
  <testcase classname="TestSuit.UK_combinedTakeHomePayLessOrEqual£435_No" name="Questionaire13" time="0.0">
    <skipped/>
  </testcase> <!-- Questionaire13 -->
  <testcase classname="TestSuit.UK_combinedTakeHomePayLessOrEqual£435_No" name="Questionaire14" time="0.0">
    <skipped/>
  </testcase> <!-- Questionaire14 -->
  <testcase classname="TestSuit.UK_combinedTakeHomePayLessOrEqual£435_No" name="Questionaire15" time="0.0">
    <skipped/>
  </testcase> <!-- Questionaire15 -->
  <testcase classname="TestSuit.UK_combinedTakeHomePayLessOrEqual£435_No" name="Questionaire16" time="0.0">
    <skipped/>
  </testcase> <!-- Questionaire16 -->
  <testcase classname="TestSuit.UK_combinedTakeHomePayLessOrEqual£435_No" name="Questionaire17" time="0.0">
    <skipped/>
  </testcase> <!-- Questionaire17 -->
  <testcase classname="TestSuit.UK_combinedTakeHomePayLessOrEqual£435_No" name="Questionaire10" time="0.0">
    <skipped/>
  </testcase> <!-- Questionaire10 -->
</testsuite> <!-- Default test -->
